<?xml version="1.0" encoding="UTF-8"?>
<!-- Generated by org.testng.reporters.JUnitReportReporter -->
<testsuite hostname="DESKTOP-16RSFON" failures="0" tests="3" name="rohanacademy.tests.SubmitOrderTest" time="39.742" errors="0" timestamp="2025-04-11T17:56:13 IST" skipped="0">
  <testcase classname="rohanacademy.tests.SubmitOrderTest" name="OrderHistoryTest" time="9.536"/>
  <testcase classname="rohanacademy.tests.SubmitOrderTest" name="submitOrder" time="12.578"/>
  <testcase classname="rohanacademy.tests.SubmitOrderTest" name="submitOrder" time="17.628"/>
</testsuite> <!-- rohanacademy.tests.SubmitOrderTest -->
