<?xml version="1.0" encoding="UTF-8"?>
<!-- Generated by org.testng.reporters.JUnitReportReporter -->
<testsuite hostname="DESKTOP-16RSFON" failures="0" tests="2" name="rohanacademy.tests.ErrorValidations" time="17.424" errors="0" timestamp="2025-04-07T11:57:16 IST" skipped="0">
  <testcase classname="rohanacademy.tests.ErrorValidations" name="LoginErrorValidation" time="8.594"/>
  <testcase classname="rohanacademy.tests.ErrorValidations" name="ProductErrorValidation" time="8.830"/>
</testsuite> <!-- rohanacademy.tests.ErrorValidations -->
